<?xml version="1.0" encoding="UTF-8"?>
<!-- Generated by org.testng.reporters.JUnitReportReporter -->
<testsuite hostname="DESKTOP-LL50PAG" failures="0" tests="5" name="com.runner.TestRunnerTestNG" time="92.532" errors="0" timestamp="2025-09-11T19:26:06 IST" skipped="0">
  <testcase classname="com.runner.TestRunnerTestNG" name="runScenario" time="9.658"/>
  <testcase classname="com.runner.TestRunnerTestNG" name="runScenario" time="7.709"/>
  <testcase classname="com.runner.TestRunnerTestNG" name="runScenario" time="0.202"/>
  <testcase classname="com.runner.TestRunnerTestNG" name="runScenario" time="63.170"/>
  <testcase classname="com.runner.TestRunnerTestNG" name="runScenario" time="11.793"/>
</testsuite> <!-- com.runner.TestRunnerTestNG -->
