<?xml version="1.0" encoding="UTF-8"?>
<!-- Generated by org.testng.reporters.JUnitReportReporter -->
<testsuite hostname="DESKTOP-LL50PAG" failures="0" tests="14" name="com.runner.TestRunnerTestNG" time="216.417" errors="0" timestamp="2025-09-13T09:20:09 IST" skipped="0">
  <testcase classname="com.runner.TestRunnerTestNG" name="runScenario" time="13.935"/>
  <testcase classname="com.runner.TestRunnerTestNG" name="runScenario" time="6.240"/>
  <testcase classname="com.runner.TestRunnerTestNG" name="runScenario" time="7.167"/>
  <testcase classname="com.runner.TestRunnerTestNG" name="runScenario" time="10.335"/>
  <testcase classname="com.runner.TestRunnerTestNG" name="runScenario" time="14.062"/>
  <testcase classname="com.runner.TestRunnerTestNG" name="runScenario" time="14.922"/>
  <testcase classname="com.runner.TestRunnerTestNG" name="runScenario" time="5.620"/>
  <testcase classname="com.runner.TestRunnerTestNG" name="runScenario" time="10.015"/>
  <testcase classname="com.runner.TestRunnerTestNG" name="runScenario" time="14.111"/>
  <testcase classname="com.runner.TestRunnerTestNG" name="runScenario" time="12.738"/>
  <testcase classname="com.runner.TestRunnerTestNG" name="runScenario" time="11.624"/>
  <testcase classname="com.runner.TestRunnerTestNG" name="runScenario" time="12.310"/>
  <testcase classname="com.runner.TestRunnerTestNG" name="runScenario" time="4.505"/>
  <testcase classname="com.runner.TestRunnerTestNG" name="runScenario" time="78.833"/>
</testsuite> <!-- com.runner.TestRunnerTestNG -->
