<?xml version="1.0" encoding="UTF-8"?>
<!-- Generated by org.testng.reporters.JUnitReportReporter -->
<testsuite hostname="DESKTOP-LL50PAG" failures="0" tests="2" name="com.runner.TestRunnerTestNG" time="7.389" errors="0" timestamp="2025-09-06T14:35:02 IST" skipped="0">
  <testcase classname="com.runner.TestRunnerTestNG" name="runScenario" time="7.221"/>
  <testcase classname="com.runner.TestRunnerTestNG" name="runScenario" time="0.168"/>
</testsuite> <!-- com.runner.TestRunnerTestNG -->
