<?xml version="1.0" encoding="UTF-8"?>
<!-- Generated by org.testng.reporters.JUnitReportReporter -->
<testsuite hostname="DESKTOP-LL50PAG" failures="2" tests="4" name="com.runner.TestRunnerTestNG" time="75.278" errors="0" timestamp="2025-09-11T11:27:14 IST" skipped="0">
  <testcase classname="com.runner.TestRunnerTestNG" name="runScenario" time="65.002"/>
  <testcase classname="com.runner.TestRunnerTestNG" name="runScenario" time="2.476">
    <failure message="Failed to shortlist the first property from the listing. expected [true] but found [false]" type="java.lang.AssertionError">
      <![CDATA[java.lang.AssertionError: Failed to shortlist the first property from the listing. expected [true] but found [false]
at org.testng.Assert.fail(Assert.java:111)
at org.testng.Assert.failNotEquals(Assert.java:1590)
at org.testng.Assert.assertTrue(Assert.java:57)
at com.stepDefinition.shortlistProperty.i_shortlist_the_first_property_from_the_listing(shortlistProperty.java:30)
at ✽.I shortlist the first property from the listing(file:///C:/Users/vijay/eclipse-workspace/magicbricks_website_testing/src/test/resources/Feartures/shortlistProperty.feature:8)
]]>
    </failure>
  </testcase> <!-- runScenario -->
  <testcase classname="com.runner.TestRunnerTestNG" name="runScenario" time="7.618">
    <failure message="User not redirected to listing page or Sort By dropdown not visible expected [true] but found [false]" type="java.lang.AssertionError">
      <![CDATA[java.lang.AssertionError: User not redirected to listing page or Sort By dropdown not visible expected [true] but found [false]
at org.testng.Assert.fail(Assert.java:111)
at org.testng.Assert.failNotEquals(Assert.java:1590)
at org.testng.Assert.assertTrue(Assert.java:57)
at com.stepDefinition.searchHome.the_user_should_be_redirected_to_the_property_listing_page(searchHome.java:53)
at ✽.the user should be redirected to the property listing page(file:///C:/Users/vijay/eclipse-workspace/magicbricks_website_testing/src/test/resources/Feartures/searchHome.feature:11)
]]>
    </failure>
  </testcase> <!-- runScenario -->
  <testcase classname="com.runner.TestRunnerTestNG" name="runScenario" time="0.182"/>
</testsuite> <!-- com.runner.TestRunnerTestNG -->
