<?xml version="1.0" encoding="UTF-8"?>
<!-- Generated by org.testng.reporters.JUnitReportReporter -->
<testsuite hostname="DESKTOP-LL50PAG" failures="3" tests="7" name="com.runner.TestRunnerTestNG" time="57.928" errors="0" timestamp="2025-09-12T08:13:16 IST" skipped="0">
  <testcase classname="com.runner.TestRunnerTestNG" name="runScenario" time="8.649"/>
  <testcase classname="com.runner.TestRunnerTestNG" name="runScenario" time="0.021">
    <failure message="Interest Rate Error Validation Failed! expected [Min interest starts from 0%] but found [null]" type="java.lang.AssertionError">
      <![CDATA[java.lang.AssertionError: Interest Rate Error Validation Failed! expected [Min interest starts from 0%] but found [null]
at org.testng.Assert.fail(Assert.java:111)
at org.testng.Assert.failNotEquals(Assert.java:1590)
at org.testng.Assert.assertEqualsImpl(Assert.java:150)
at org.testng.Assert.assertEquals(Assert.java:132)
at org.testng.Assert.assertEquals(Assert.java:656)
at com.stepDefinition.invalidEmicalculator.the_user_should_see_interest_rate_error_message(invalidEmicalculator.java:56)
at ✽.the user should see interest rate error message "Min interest starts from 0%"(file:///C:/Users/vijay/eclipse-workspace/magicbricks_website_testing/src/test/resources/Feartures/7_invalidemicalculator.feature:21)
]]>
    </failure>
  </testcase> <!-- runScenario -->
  <testcase classname="com.runner.TestRunnerTestNG" name="runScenario" time="10.510"/>
  <testcase classname="com.runner.TestRunnerTestNG" name="runScenario" time="8.055"/>
  <testcase classname="com.runner.TestRunnerTestNG" name="runScenario" time="19.920">
    <failure message="Failed to enter location: Invalid Location expected [true] but found [false]" type="java.lang.AssertionError">
      <![CDATA[java.lang.AssertionError: Failed to enter location: Invalid Location expected [true] but found [false]
at org.testng.Assert.fail(Assert.java:111)
at org.testng.Assert.failNotEquals(Assert.java:1590)
at org.testng.Assert.assertTrue(Assert.java:57)
at com.stepDefinition.invalidlocation.I_enter_in_the_search_bar(invalidlocation.java:47)
at ✽.I enter "Invalid Location" in the Search bar(file:///C:/Users/vijay/eclipse-workspace/magicbricks_website_testing/src/test/resources/Feartures/3_invalidsearchlocation.feature:6)
]]>
    </failure>
  </testcase> <!-- runScenario -->
  <testcase classname="com.runner.TestRunnerTestNG" name="runScenario" time="0.012">
    <failure message="Loan Amount Error Validation Failed! expected [LoanAmount should lie between 1,00,000 and 10,00,00,000] but found [null]" type="java.lang.AssertionError">
      <![CDATA[java.lang.AssertionError: Loan Amount Error Validation Failed! expected [LoanAmount should lie between 1,00,000 and 10,00,00,000] but found [null]
at org.testng.Assert.fail(Assert.java:111)
at org.testng.Assert.failNotEquals(Assert.java:1590)
at org.testng.Assert.assertEqualsImpl(Assert.java:150)
at org.testng.Assert.assertEquals(Assert.java:132)
at org.testng.Assert.assertEquals(Assert.java:656)
at com.stepDefinition.invalidEmicalculator.the_user_should_see_loan_amount_error_message(invalidEmicalculator.java:49)
at ✽.the user should see loan amount error message "LoanAmount should lie between 1,00,000 and 10,00,00,000"(file:///C:/Users/vijay/eclipse-workspace/magicbricks_website_testing/src/test/resources/Feartures/7_invalidemicalculator.feature:12)
]]>
    </failure>
  </testcase> <!-- runScenario -->
  <testcase classname="com.runner.TestRunnerTestNG" name="runScenario" time="10.761"/>
</testsuite> <!-- com.runner.TestRunnerTestNG -->
