<?xml version="1.0" encoding="UTF-8"?>
<!-- Generated by org.testng.reporters.JUnitReportReporter -->
<testsuite hostname="DESKTOP-LL50PAG" failures="0" tests="2" name="com.runner.TestRunnerTestNG" time="67.097" errors="0" timestamp="2025-09-07T23:39:24 IST" skipped="0">
  <testcase classname="com.runner.TestRunnerTestNG" name="runScenario" time="7.932"/>
  <testcase classname="com.runner.TestRunnerTestNG" name="runScenario" time="59.165"/>
</testsuite> <!-- com.runner.TestRunnerTestNG -->
