<?xml version="1.0" encoding="UTF-8"?>
<!-- Generated by org.testng.reporters.JUnitReportReporter -->
<testsuite hostname="DESKTOP-LL50PAG" failures="4" tests="5" name="com.runner.TestRunnerTestNG" time="78.477" errors="0" timestamp="2025-09-10T10:55:53 IST" skipped="0">
  <testcase classname="com.runner.TestRunnerTestNG" name="runScenario" time="0.206"/>
  <testcase classname="com.runner.TestRunnerTestNG" name="runScenario" time="15.659">
    <failure message="Failed to select sortby mostrecent filter. expected [true] but found [false]" type="java.lang.AssertionError">
      <![CDATA[java.lang.AssertionError: Failed to select sortby mostrecent filter. expected [true] but found [false]
at org.testng.Assert.fail(Assert.java:111)
at org.testng.Assert.failNotEquals(Assert.java:1590)
at org.testng.Assert.assertTrue(Assert.java:57)
at com.stepDefinition.shortlistProperty.clicks_on_sortby_and_selects_most_recent_filter(shortlistProperty.java:24)
at ✽.clicks on sortby and selects most recent filter(file:///C:/Users/vijay/eclipse-workspace/magicbricks_website_testing/src/test/resources/Feartures/shortlistProperty.feature:5)
]]>
    </failure>
  </testcase> <!-- runScenario -->
  <testcase classname="com.runner.TestRunnerTestNG" name="runScenario" time="46.495">
    <failure message="Failed at login -&gt; enterOtp() expected [true] but found [false]" type="java.lang.AssertionError">
      <![CDATA[java.lang.AssertionError: Failed at login -> enterOtp() expected [true] but found [false]
at org.testng.Assert.fail(Assert.java:111)
at org.testng.Assert.failNotEquals(Assert.java:1590)
at org.testng.Assert.assertTrue(Assert.java:57)
at com.stepDefinition.Profile.i_enter_the_otp(Profile.java:49)
at ✽.I enter the otp(file:///C:/Users/vijay/eclipse-workspace/magicbricks_website_testing/src/test/resources/Feartures/Profile.feature:8)
]]>
    </failure>
  </testcase> <!-- runScenario -->
  <testcase classname="com.runner.TestRunnerTestNG" name="runScenario" time="15.628">
    <failure message="Failed to enter location: Chennai expected [true] but found [false]" type="java.lang.AssertionError">
      <![CDATA[java.lang.AssertionError: Failed to enter location: Chennai expected [true] but found [false]
at org.testng.Assert.fail(Assert.java:111)
at org.testng.Assert.failNotEquals(Assert.java:1590)
at org.testng.Assert.assertTrue(Assert.java:57)
at com.stepDefinition.searchHome.the_user_enters_in_the_search_bar(searchHome.java:29)
at ✽.the user enters "Chennai" in the Search bar(file:///C:/Users/vijay/eclipse-workspace/magicbricks_website_testing/src/test/resources/Feartures/searchHome.feature:5)
]]>
    </failure>
  </testcase> <!-- runScenario -->
  <testcase classname="com.runner.TestRunnerTestNG" name="runScenario" time="0.489">
    <failure message="Failed to navigate to the property details page. expected [true] but found [false]" type="java.lang.AssertionError">
      <![CDATA[java.lang.AssertionError: Failed to navigate to the property details page. expected [true] but found [false]
at org.testng.Assert.fail(Assert.java:111)
at org.testng.Assert.failNotEquals(Assert.java:1590)
at org.testng.Assert.assertTrue(Assert.java:57)
at com.stepDefinition.viewpropertyDetails.i_validate_that_the_property_details_page_is_open(viewpropertyDetails.java:24)
at ✽.I validate that the property details page is open(file:///C:/Users/vijay/eclipse-workspace/magicbricks_website_testing/src/test/resources/Feartures/viewpropertyDetails.feature:5)
]]>
    </failure>
  </testcase> <!-- runScenario -->
</testsuite> <!-- com.runner.TestRunnerTestNG -->
