<?xml version="1.0" encoding="UTF-8"?>
<!-- Generated by org.testng.reporters.JUnitReportReporter -->
<testsuite hostname="DESKTOP-LL50PAG" failures="1" tests="4" name="com.runner.TestRunnerTestNG" time="104.552" errors="0" timestamp="2025-09-10T14:31:43 IST" skipped="0">
  <testcase classname="com.runner.TestRunnerTestNG" name="runScenario" time="21.074">
    <failure message="Failed to click on the shortlisted property. expected [true] but found [false]" type="java.lang.AssertionError">
      <![CDATA[java.lang.AssertionError: Failed to click on the shortlisted property. expected [true] but found [false]
at org.testng.Assert.fail(Assert.java:111)
at org.testng.Assert.failNotEquals(Assert.java:1590)
at org.testng.Assert.assertTrue(Assert.java:57)
at com.stepDefinition.shortlistProperty.i_click_on_property(shortlistProperty.java:43)
at âœ½.I click on property(file:///C:/Users/vijay/eclipse-workspace/magicbricks_website_testing/src/test/resources/Feartures/shortlistProperty.feature:8)
]]>
    </failure>
  </testcase> <!-- runScenario -->
  <testcase classname="com.runner.TestRunnerTestNG" name="runScenario" time="0.303"/>
  <testcase classname="com.runner.TestRunnerTestNG" name="runScenario" time="6.977"/>
  <testcase classname="com.runner.TestRunnerTestNG" name="runScenario" time="76.198"/>
</testsuite> <!-- com.runner.TestRunnerTestNG -->
