<?xml version="1.0" encoding="UTF-8"?>
<!-- Generated by org.testng.reporters.JUnitReportReporter -->
<testsuite hostname="DESKTOP-LL50PAG" failures="0" tests="14" name="com.runner.TestRunnerTestNG" time="246.969" errors="0" timestamp="2025-09-14T17:28:57 IST" skipped="0">
  <testcase classname="com.runner.TestRunnerTestNG" name="runScenario" time="60.728"/>
  <testcase classname="com.runner.TestRunnerTestNG" name="runScenario" time="10.717"/>
  <testcase classname="com.runner.TestRunnerTestNG" name="runScenario" time="10.590"/>
  <testcase classname="com.runner.TestRunnerTestNG" name="runScenario" time="5.532"/>
  <testcase classname="com.runner.TestRunnerTestNG" name="runScenario" time="11.045"/>
  <testcase classname="com.runner.TestRunnerTestNG" name="runScenario" time="12.910"/>
  <testcase classname="com.runner.TestRunnerTestNG" name="runScenario" time="7.401"/>
  <testcase classname="com.runner.TestRunnerTestNG" name="runScenario" time="12.661"/>
  <testcase classname="com.runner.TestRunnerTestNG" name="runScenario" time="14.112"/>
  <testcase classname="com.runner.TestRunnerTestNG" name="runScenario" time="8.441"/>
  <testcase classname="com.runner.TestRunnerTestNG" name="runScenario" time="11.489"/>
  <testcase classname="com.runner.TestRunnerTestNG" name="runScenario" time="35.289"/>
  <testcase classname="com.runner.TestRunnerTestNG" name="runScenario" time="31.833"/>
  <testcase classname="com.runner.TestRunnerTestNG" name="runScenario" time="14.221"/>
</testsuite> <!-- com.runner.TestRunnerTestNG -->
